start setup env
start generating proof .... 
[1;32mINFO    [0m prove [ 390Âµs | 6.72% / 100.00% ]
[1;34mDEBUG   [0m â”â” evaluate constraints symbolically [ 14.4Âµs | 3.70% ]
[1;32mINFO    [0m â”â” commit to trace data [ 95.3Âµs | 7.14% / 24.44% ]
[1;32mINFO    [0m â”‚  â”â” coset_lde_batch [ 30.2Âµs | 4.47% / 7.74% ] dims: 2x8 | added_bits: 2
[1;34mDEBUG   [0m â”‚  â”‚  â”â” compute_inverse_twiddles [ 500ns | 0.13% ]
[1;34mDEBUG   [0m â”‚  â”‚  â”â” reverse_matrix_index_bits [ 167ns | 0.04% ]
[1;34mDEBUG   [0m â”‚  â”‚  â”â” first_half [ 417ns | 0.11% ]
[1;34mDEBUG   [0m â”‚  â”‚  â”â” reverse_matrix_index_bits [ 125ns | 0.03% ]
[1;34mDEBUG   [0m â”‚  â”‚  â”â” second_half [ 334ns | 0.09% ]
[1;34mDEBUG   [0m â”‚  â”‚  â”â” reserve_exact [ 250ns | 0.06% ]
[1;34mDEBUG   [0m â”‚  â”‚  â”â” coset_dft_oop [ 3.54Âµs | 0.60% / 0.91% ]
[1;34mDEBUG   [0m â”‚  â”‚  â”‚  â”â” compute_coset_twiddles [ 541ns | 0.14% ]
[1;34mDEBUG   [0m â”‚  â”‚  â”‚  â”â” first_half_general_oop [ 375ns | 0.10% ]
[1;34mDEBUG   [0m â”‚  â”‚  â”‚  â”â” reverse_matrix_index_bits [ 125ns | 0.03% ]
[1;34mDEBUG   [0m â”‚  â”‚  â”‚  â”•â” second_half_general [ 167ns | 0.04% ]
[1;34mDEBUG   [0m â”‚  â”‚  â”â” coset_dft_oop [ 2.50Âµs | 0.45% / 0.64% ]
[1;34mDEBUG   [0m â”‚  â”‚  â”‚  â”â” compute_coset_twiddles [ 375ns | 0.10% ]
[1;34mDEBUG   [0m â”‚  â”‚  â”‚  â”â” first_half_general_oop [ 208ns | 0.05% ]
[1;34mDEBUG   [0m â”‚  â”‚  â”‚  â”â” reverse_matrix_index_bits [ 84.0ns | 0.02% ]
[1;34mDEBUG   [0m â”‚  â”‚  â”‚  â”•â” second_half_general [ 84.0ns | 0.02% ]
[1;34mDEBUG   [0m â”‚  â”‚  â”â” coset_dft_oop [ 2.21Âµs | 0.40% / 0.57% ]
[1;34mDEBUG   [0m â”‚  â”‚  â”‚  â”â” compute_coset_twiddles [ 292ns | 0.07% ]
[1;34mDEBUG   [0m â”‚  â”‚  â”‚  â”â” first_half_general_oop [ 166ns | 0.04% ]
[1;34mDEBUG   [0m â”‚  â”‚  â”‚  â”â” reverse_matrix_index_bits [ 83.0ns | 0.02% ]
[1;34mDEBUG   [0m â”‚  â”‚  â”‚  â”•â” second_half_general [ 125ns | 0.03% ]
[1;34mDEBUG   [0m â”‚  â”‚  â”•â” coset_dft [ 2.71Âµs | 0.45% / 0.69% ]
[1;34mDEBUG   [0m â”‚  â”‚     â”â” compute_coset_twiddles [ 333ns | 0.09% ]
[1;34mDEBUG   [0m â”‚  â”‚     â”â” first_half_general [ 459ns | 0.12% ]
[1;34mDEBUG   [0m â”‚  â”‚     â”â” reverse_matrix_index_bits [ 83.0ns | 0.02% ]
[1;34mDEBUG   [0m â”‚  â”‚     â”•â” second_half_general [ 83.0ns | 0.02% ]
[1;34mDEBUG   [0m â”‚  â”•â” build merkle tree [ 37.2Âµs | 5.09% / 9.55% ] dimensions: "[2x32]"
[1;34mDEBUG   [0m â”‚     â”•â” first digest layer [ 17.4Âµs | 4.45% ]
[1;32mINFO    [0m â”â” compute quotient polynomial [ 6.62Âµs | 1.42% / 1.70% ]
[1;34mDEBUG   [0m â”‚  â”â” batch_multiplicative_inverse [ 458ns | 0.12% ]
[1;34mDEBUG   [0m â”‚  â”â” batch_multiplicative_inverse [ 333ns | 0.09% ]
[1;34mDEBUG   [0m â”‚  â”•â” batch_multiplicative_inverse [ 291ns | 0.07% ]
[1;32mINFO    [0m â”â” commit to quotient poly chunks [ 53.0Âµs | 0.54% / 13.60% ]
[1;32mINFO    [0m â”‚  â”â” coset_lde_batch [ 14.9Âµs | 1.11% / 3.81% ] dims: 4x8 | added_bits: 2
[1;34mDEBUG   [0m â”‚  â”‚  â”â” reverse_matrix_index_bits [ 167ns | 0.04% ]
[1;34mDEBUG   [0m â”‚  â”‚  â”â” first_half [ 250ns | 0.06% ]
[1;34mDEBUG   [0m â”‚  â”‚  â”â” reverse_matrix_index_bits [ 125ns | 0.03% ]
[1;34mDEBUG   [0m â”‚  â”‚  â”â” second_half [ 166ns | 0.04% ]
[1;34mDEBUG   [0m â”‚  â”‚  â”â” reserve_exact [ 291ns | 0.07% ]
[1;34mDEBUG   [0m â”‚  â”‚  â”â” coset_dft_oop [ 2.58Âµs | 0.43% / 0.66% ]
[1;34mDEBUG   [0m â”‚  â”‚  â”‚  â”â” compute_coset_twiddles [ 333ns | 0.09% ]
[1;34mDEBUG   [0m â”‚  â”‚  â”‚  â”â” first_half_general_oop [ 292ns | 0.07% ]
[1;34mDEBUG   [0m â”‚  â”‚  â”‚  â”â” reverse_matrix_index_bits [ 167ns | 0.04% ]
[1;34mDEBUG   [0m â”‚  â”‚  â”‚  â”•â” second_half_general [ 125ns | 0.03% ]
[1;34mDEBUG   [0m â”‚  â”‚  â”â” coset_dft_oop [ 2.38Âµs | 0.44% / 0.61% ]
[1;34mDEBUG   [0m â”‚  â”‚  â”‚  â”â” compute_coset_twiddles [ 292ns | 0.07% ]
[1;34mDEBUG   [0m â”‚  â”‚  â”‚  â”â” first_half_general_oop [ 167ns | 0.04% ]
[1;34mDEBUG   [0m â”‚  â”‚  â”‚  â”â” reverse_matrix_index_bits [ 83.0ns | 0.02% ]
[1;34mDEBUG   [0m â”‚  â”‚  â”‚  â”•â” second_half_general [ 125ns | 0.03% ]
[1;34mDEBUG   [0m â”‚  â”‚  â”â” coset_dft_oop [ 2.25Âµs | 0.42% / 0.58% ]
[1;34mDEBUG   [0m â”‚  â”‚  â”‚  â”â” compute_coset_twiddles [ 291ns | 0.07% ]
[1;34mDEBUG   [0m â”‚  â”‚  â”‚  â”â” first_half_general_oop [ 125ns | 0.03% ]
[1;34mDEBUG   [0m â”‚  â”‚  â”‚  â”â” reverse_matrix_index_bits [ 83.0ns | 0.02% ]
[1;34mDEBUG   [0m â”‚  â”‚  â”‚  â”•â” second_half_general [ 125ns | 0.03% ]
[1;34mDEBUG   [0m â”‚  â”‚  â”•â” coset_dft [ 2.33Âµs | 0.40% / 0.60% ]
[1;34mDEBUG   [0m â”‚  â”‚     â”â” compute_coset_twiddles [ 292ns | 0.07% ]
[1;34mDEBUG   [0m â”‚  â”‚     â”â” first_half_general [ 292ns | 0.07% ]
[1;34mDEBUG   [0m â”‚  â”‚     â”â” reverse_matrix_index_bits [ 83.0ns | 0.02% ]
[1;34mDEBUG   [0m â”‚  â”‚     â”•â” second_half_general [ 125ns | 0.03% ]
[1;34mDEBUG   [0m â”‚  â”•â” build merkle tree [ 36.0Âµs | 4.92% / 9.24% ] dimensions: "[4x32]"
[1;34mDEBUG   [0m â”‚     â”•â” first digest layer [ 16.8Âµs | 4.32% ]
[1;32mINFO    [0m â”•â” open [ 194Âµs | 1.45% / 49.86% ]
[1;32mINFO    [0m    â”â” compute_inverse_denominators [ 8.12Âµs | 0.65% / 2.08% ]
[1;34mDEBUG   [0m    â”‚  â”â” batch_multiplicative_inverse [ 2.83Âµs | 0.73% ]
[1;34mDEBUG   [0m    â”‚  â”•â” batch_multiplicative_inverse [ 2.75Âµs | 0.70% ]
[1;32mINFO    [0m    â”â” reduce matrix quotient [ 9.17Âµs | 0.36% / 2.35% ] dims: 2x32
[1;32mINFO    [0m    â”‚  â”â” compute opened values with Lagrange interpolation [ 4.46Âµs | 0.69% / 1.14% ]
[1;34mDEBUG   [0m    â”‚  â”‚  â”â” batch_multiplicative_inverse [ 1.25Âµs | 0.32% ]
[1;34mDEBUG   [0m    â”‚  â”‚  â”•â” columnwise_dot_product [ 500ns | 0.13% ] dims: 2x8
[1;32mINFO    [0m    â”‚  â”•â” reduce rows [ 3.29Âµs | 0.84% ]
[1;32mINFO    [0m    â”â” reduce matrix quotient [ 7.46Âµs | 0.29% / 1.91% ] dims: 2x32
[1;32mINFO    [0m    â”‚  â”â” compute opened values with Lagrange interpolation [ 3.38Âµs | 0.48% / 0.87% ]
[1;34mDEBUG   [0m    â”‚  â”‚  â”â” batch_multiplicative_inverse [ 1.21Âµs | 0.31% ]
[1;34mDEBUG   [0m    â”‚  â”‚  â”•â” columnwise_dot_product [ 292ns | 0.07% ] dims: 2x8
[1;32mINFO    [0m    â”‚  â”•â” reduce rows [ 2.96Âµs | 0.76% ]
[1;32mINFO    [0m    â”â” reduce matrix quotient [ 7.54Âµs | 0.31% / 1.93% ] dims: 4x32
[1;32mINFO    [0m    â”‚  â”â” compute opened values with Lagrange interpolation [ 3.38Âµs | 0.49% / 0.87% ]
[1;34mDEBUG   [0m    â”‚  â”‚  â”â” batch_multiplicative_inverse [ 1.17Âµs | 0.30% ]
[1;34mDEBUG   [0m    â”‚  â”‚  â”•â” columnwise_dot_product [ 291ns | 0.07% ] dims: 4x8
[1;32mINFO    [0m    â”‚  â”•â” reduce rows [ 2.96Âµs | 0.76% ]
[1;32mINFO    [0m    â”•â” FRI prover [ 157Âµs | 0.91% / 40.13% ]
[1;32mINFO    [0m       â”â” commit phase [ 54.8Âµs | 2.93% / 14.06% ]
[1;34mDEBUG   [0m       â”‚  â”â” build merkle tree [ 23.0Âµs | 2.93% / 5.88% ] dimensions: "[8x16]"
[1;34mDEBUG   [0m       â”‚  â”‚  â”•â” first digest layer [ 11.5Âµs | 2.96% ]
[1;34mDEBUG   [0m       â”‚  â”â” build merkle tree [ 12.7Âµs | 1.79% / 3.26% ] dimensions: "[8x8]"
[1;34mDEBUG   [0m       â”‚  â”‚  â”•â” first digest layer [ 5.71Âµs | 1.46% ]
[1;34mDEBUG   [0m       â”‚  â”•â” build merkle tree [ 7.75Âµs | 1.23% / 1.99% ] dimensions: "[8x4]"
[1;34mDEBUG   [0m       â”‚     â”•â” first digest layer [ 2.96Âµs | 0.76% ]
[1;32mINFO    [0m       â”â” grind for proof-of-work witness [ 39.2Âµs | 10.05% ]
[1;32mINFO    [0m       â”•â” query phase [ 59.0Âµs | 15.11% ]
[1;32mINFO    [0m verify [ 1.04ms | 99.55% / 100.00% ]
[1;32mINFO    [0m â”•â” infer log of constraint degree [ 4.71Âµs | 0.20% / 0.45% ]
[1;34mDEBUG   [0m    â”•â” infer constraint degree [ 2.58Âµs | 0.07% / 0.25% ]
[1;34mDEBUG   [0m       â”•â” evaluate constraints symbolically [ 1.88Âµs | 0.18% ]
verify Success!
